********************************************************************************
DUPLICATOR-LITE PACKAGE-LOG: August 6, 2024 10:56 am
NOTICE: Do NOT post to public sites or forums 
********************************************************************************
VERSION:	1.5.10.2
WORDPRESS:	6.6.1
PHP INFO:	8.2.12 | SAPI: apache2handler
SERVER:		Apache/2.4.58 (Win64) OpenSSL/3.1.3 PHP/8.2.12 
PHP TIME LIMIT: (0) no time limit imposed 
PHP MAX MEMORY: 4294967296 (512M default) 
MEMORY STACK: 98MB
[CTRL DUP ARCIVE] PACKAGE AS NEW ID 1 SAVED | STATUS:0
[DUP ARCHIVE] BUILDING DATABASE

********************************************************************************
DATABASE:
********************************************************************************
BUILD MODE:   MYSQLDUMP
MYSQLTIMEOUT: 5000
MYSQLDUMP:    Is Supported
SQL CREATED: 20240806_myecom_dc2ea659e49685205531_20240806105617_database.sql
SQL FILE SIZE: 2.78MB (2918841)
SQL FILE TIME: 2024-08-06 10:56:49
SQL RUNTIME: 4.16 sec.
[DUP ARCHIVE] VALIDATING DATABASE
[DUP ARCHIVE] DONE DATABASE

********************************************************************************
ARCHIVE Type=DUP Mode=DupArchive
********************************************************************************
ARCHIVE DIR:  C:/xampp/htdocs/alwordpress
ARCHIVE FILE: 20240806_myecom_dc2ea659e49685205531_20240806105617_archive.daf
FILTERS: *ON*
DIRS:
	not set
FILES:
	not set
EXTS:  not set
----------------------------------------
COMPRESSING
SIZE:	215.38MB
STATS:	Dirs 2,023 | Files 12,397 | Total 14,420
[DUP ARCHIVE] DONE ARCHIVE
[DUP ARCHIVE] DONE ARCHIVE
[DUP ARCHIVE] DONE ARCHIVE
[DUP ARCHIVE] DONE ARCHIVE
building installer
[DUP ARCHIVE] DONE ARCHIVE
COMPRESSED SIZE: 86.29MB
ARCHIVE RUNTIME: 54.37 sec.
MEMORY STACK: 100MB
CREATE WARNINGS: No warnings.
VALIDATION WARNINGS: No warnings.
[DUP ARCHIVE] DONE ARCHIVE
[DUP ARCHIVE] HAS COMPLETED CLOSING
[DUP ARCHIVE] DUP ARCHIVE INTEGRITY CHECK

********************************************************************************
INTEGRITY CHECKS:
********************************************************************************
SQL FILE: 2.78MB
INSTALLER FILE: 94.81KB
ARCHIVE FILE: 86.29MB 
EXPECTED FILE/DIRECTORY COUNT: 15,159
ACTUAL FILE/DIRECTORY COUNT: 15,160

********************************************************************************
RECORD ID:[1]
TOTAL PROCESS RUNTIME: 54.38 sec.
PEAK PHP MEMORY USED: 102MB
DONE PROCESSING => 20240806_myecom 2024-08-06 10:57:39

